<?xml version="1.0" encoding="UTF-8"?>
<!-- Generated by org.testng.reporters.JUnitReportReporter -->
<testsuite hostname="LAPTOP-CEBP39CR" failures="0" tests="2" name="com.JabaTalks.TestCases.TestCases" time="6.335" errors="0" timestamp="2022-02-26T22:21:19 IST" skipped="0">
  <testcase classname="com.JabaTalks.TestCases.TestCases" name="validateDropdownValues" time="0.350"/>
  <system-out/>
  <testcase classname="com.JabaTalks.TestCases.TestCases" name="formFillup" time="5.985"/>
  <system-out/>
</testsuite> <!-- com.JabaTalks.TestCases.TestCases -->
